# JRE version: OpenJDK Runtime Environment (11.0.12+7) (build 11.0.12+7-b1504.28-7817840)
# Java VM: OpenJDK 64-Bit Server VM (11.0.12+7-b1504.28-7817840, mixed mode, tiered, compressed oops, g1 gc, windows-amd64)
Heap:
 garbage-first heap   total 131072K, used 58625K [0x0000000081400000, 0x0000000100000000)
  region size 1024K, 38 young (38912K), 2 survivors (2048K)
 Metaspace       used 42637K, capacity 43137K, committed 43420K, reserved 1087488K
  class space    used 5106K, capacity 5283K, committed 5372K, reserved 1048576K
GC Heap History (8 events):
Event: 0.548 GC heap before
{Heap before GC invocations=0 (full 0):
 garbage-first heap   total 131072K, used 17408K [0x0000000081400000, 0x0000000100000000)
  region size 1024K, 14 young (14336K), 0 survivors (0K)
 Metaspace       used 9865K, capacity 10002K, committed 10112K, reserved 1058816K
  class space    used 839K, capacity 885K, committed 896K, reserved 1048576K
}
Event: 0.551 GC heap after
{Heap after GC invocations=1 (full 0):
 garbage-first heap   total 131072K, used 5341K [0x0000000081400000, 0x0000000100000000)
  region size 1024K, 2 young (2048K), 2 survivors (2048K)
 Metaspace       used 9865K, capacity 10002K, committed 10112K, reserved 1058816K
  class space    used 839K, capacity 885K, committed 896K, reserved 1048576K
}
Event: 1.805 GC heap before
{Heap before GC invocations=1 (full 0):
 garbage-first heap   total 131072K, used 52445K [0x0000000081400000, 0x0000000100000000)
  region size 1024K, 49 young (50176K), 2 survivors (2048K)
 Metaspace       used 20988K, capacity 21188K, committed 21248K, reserved 1069056K
  class space    used 2221K, capacity 2303K, committed 2304K, reserved 1048576K
}
Event: 1.823 GC heap after
{Heap after GC invocations=2 (full 0):
 garbage-first heap   total 131072K, used 9741K [0x0000000081400000, 0x0000000100000000)
  region size 1024K, 7 young (7168K), 7 survivors (7168K)
 Metaspace       used 20988K, capacity 21188K, committed 21248K, reserved 1069056K
  class space    used 2221K, capacity 2303K, committed 2304K, reserved 1048576K
}
Event: 3.001 GC heap before
{Heap before GC invocations=3 (full 0):
 garbage-first heap   total 131072K, used 61965K [0x0000000081400000, 0x0000000100000000)
  region size 1024K, 53 young (54272K), 7 survivors (7168K)
 Metaspace       used 32337K, capacity 32776K, committed 33020K, reserved 1077248K
  class space    used 4055K, capacity 4243K, committed 4348K, reserved 1048576K
}
Event: 3.027 GC heap after
{Heap after GC invocations=4 (full 0):
 garbage-first heap   total 131072K, used 20777K [0x0000000081400000, 0x0000000100000000)
  region size 1024K, 6 young (6144K), 6 survivors (6144K)
 Metaspace       used 32337K, capacity 32776K, committed 33020K, reserved 1077248K
  class space    used 4055K, capacity 4243K, committed 4348K, reserved 1048576K
}
Event: 3.471 GC heap before
{Heap before GC invocations=4 (full 0):
 garbage-first heap   total 131072K, used 36137K [0x0000000081400000, 0x0000000100000000)
  region size 1024K, 22 young (22528K), 6 survivors (6144K)
 Metaspace       used 35506K, capacity 35923K, committed 36048K, reserved 1081344K
  class space    used 4397K, capacity 4567K, committed 4604K, reserved 1048576K
}
Event: 3.484 GC heap after
{Heap after GC invocations=5 (full 0):
 garbage-first heap   total 131072K, used 22785K [0x0000000081400000, 0x0000000100000000)
  region size 1024K, 2 young (2048K), 2 survivors (2048K)
 Metaspace       used 35506K, capacity 35923K, committed 36048K, reserved 1081344K
  class space    used 4397K, capacity 4567K, committed 4604K, reserved 1048576K
}

