# JRE version: OpenJDK Runtime Environment (11.0.12+7) (build 11.0.12+7-b1504.28-7817840)
# Java VM: OpenJDK 64-Bit Server VM (11.0.12+7-b1504.28-7817840, mixed mode, tiered, compressed oops, g1 gc, windows-amd64)
Heap:
 garbage-first heap   total 131072K, used 65536K [0x0000000081400000, 0x0000000100000000)
  region size 1024K, 45 young (46080K), 2 survivors (2048K)
 Metaspace       used 44804K, capacity 45257K, committed 45468K, reserved 1089536K
  class space    used 5393K, capacity 5564K, committed 5628K, reserved 1048576K
GC Heap History (8 events):
Event: 0.559 GC heap before
{Heap before GC invocations=0 (full 0):
 garbage-first heap   total 131072K, used 17408K [0x0000000081400000, 0x0000000100000000)
  region size 1024K, 14 young (14336K), 0 survivors (0K)
 Metaspace       used 9882K, capacity 10002K, committed 10112K, reserved 1058816K
  class space    used 839K, capacity 885K, committed 896K, reserved 1048576K
}
Event: 0.563 GC heap after
{Heap after GC invocations=1 (full 0):
 garbage-first heap   total 131072K, used 5407K [0x0000000081400000, 0x0000000100000000)
  region size 1024K, 2 young (2048K), 2 survivors (2048K)
 Metaspace       used 9882K, capacity 10002K, committed 10112K, reserved 1058816K
  class space    used 839K, capacity 885K, committed 896K, reserved 1048576K
}
Event: 2.073 GC heap before
{Heap before GC invocations=1 (full 0):
 garbage-first heap   total 131072K, used 52511K [0x0000000081400000, 0x0000000100000000)
  region size 1024K, 49 young (50176K), 2 survivors (2048K)
 Metaspace       used 20981K, capacity 21188K, committed 21248K, reserved 1069056K
  class space    used 2220K, capacity 2303K, committed 2304K, reserved 1048576K
}
Event: 2.089 GC heap after
{Heap after GC invocations=2 (full 0):
 garbage-first heap   total 131072K, used 9611K [0x0000000081400000, 0x0000000100000000)
  region size 1024K, 7 young (7168K), 7 survivors (7168K)
 Metaspace       used 20981K, capacity 21188K, committed 21248K, reserved 1069056K
  class space    used 2220K, capacity 2303K, committed 2304K, reserved 1048576K
}
Event: 4.545 GC heap before
{Heap before GC invocations=3 (full 0):
 garbage-first heap   total 131072K, used 61835K [0x0000000081400000, 0x0000000100000000)
  region size 1024K, 53 young (54272K), 7 survivors (7168K)
 Metaspace       used 32284K, capacity 32712K, committed 33020K, reserved 1077248K
  class space    used 4053K, capacity 4243K, committed 4348K, reserved 1048576K
}
Event: 4.573 GC heap after
{Heap after GC invocations=4 (full 0):
 garbage-first heap   total 131072K, used 20644K [0x0000000081400000, 0x0000000100000000)
  region size 1024K, 6 young (6144K), 6 survivors (6144K)
 Metaspace       used 32284K, capacity 32712K, committed 33020K, reserved 1077248K
  class space    used 4053K, capacity 4243K, committed 4348K, reserved 1048576K
}
Event: 5.124 GC heap before
{Heap before GC invocations=4 (full 0):
 garbage-first heap   total 131072K, used 36004K [0x0000000081400000, 0x0000000100000000)
  region size 1024K, 22 young (22528K), 6 survivors (6144K)
 Metaspace       used 35441K, capacity 35923K, committed 36048K, reserved 1081344K
  class space    used 4398K, capacity 4567K, committed 4604K, reserved 1048576K
}
Event: 5.137 GC heap after
{Heap after GC invocations=5 (full 0):
 garbage-first heap   total 131072K, used 22528K [0x0000000081400000, 0x0000000100000000)
  region size 1024K, 2 young (2048K), 2 survivors (2048K)
 Metaspace       used 35441K, capacity 35923K, committed 36048K, reserved 1081344K
  class space    used 4398K, capacity 4567K, committed 4604K, reserved 1048576K
}

